<?xml version="1.0" encoding="UTF-8"?>
<!-- Generated by org.testng.reporters.JUnitXMLReporter -->
<testsuite hostname="IR-C02PW2DWG8WP" name="Default test" tests="4" failures="0" timestamp="27 Oct 2015 23:17:42 GMT" time="0.498" errors="0">
  <testcase name="test1" time="0.043" classname="com.innRoad.APITest.ApiTest1">
    <skipped/>
  </testcase> <!-- test1 -->
  <testcase name="test1" time="0.028" classname="com.innRoad.APITest.ApiTest1">
    <skipped/>
  </testcase> <!-- test1 -->
  <testcase name="test1" time="0.032" classname="com.innRoad.APITest.ApiTest1">
    <skipped/>
  </testcase> <!-- test1 -->
  <testcase name="test1" time="0.027" classname="com.innRoad.APITest.ApiTest1">
    <skipped/>
  </testcase> <!-- test1 -->
</testsuite> <!-- Default test -->
