<?xml version="1.0" encoding="UTF-8"?>
<testsuite hostname="IR-C02PW2DWG8WP" name="innRoadApi.QAApiTesting.SuiteA.Test1" tests="6" failures="0" timestamp="23 Oct 2015 15:16:16 GMT" time="0.632" errors="0">
  <testcase name="test1" time="0.05" classname="innRoadApi.QAApiTesting.SuiteA.Test1"/>
  <testcase name="test1" time="0.032" classname="innRoadApi.QAApiTesting.SuiteA.Test1"/>
  <testcase name="test1" time="0.026" classname="innRoadApi.QAApiTesting.SuiteA.Test1"/>
  <testcase name="test2" time="0.035" classname="innRoadApi.QAApiTesting.SuiteA.Test2"/>
  <testcase name="test2" time="0.031" classname="innRoadApi.QAApiTesting.SuiteA.Test2">
    <skipped/>
  </testcase>
  <testcase name="test2" time="0.03" classname="innRoadApi.QAApiTesting.SuiteA.Test2"/>
</testsuite>
