<?xml version="1.0" encoding="UTF-8"?>
<testng-results skipped="0" failed="0" total="4" passed="4">
  <reporter-output>
  </reporter-output>
  <suite name="API Data-driven Framework" duration-ms="0" started-at="2015-10-27T23:20:43Z" finished-at="2015-10-27T23:20:43Z">
    <groups>
    </groups>
  </suite> <!-- API Data-driven Framework -->
  <suite name="API Test Suite" duration-ms="495" started-at="2015-10-27T23:20:42Z" finished-at="2015-10-27T23:20:43Z">
    <groups>
    </groups>
    <test name="API Test" duration-ms="495" started-at="2015-10-27T23:20:42Z" finished-at="2015-10-27T23:20:43Z">
      <class name="com.innRoad.APITest.ApiTest1">
        <test-method status="PASS" signature="test1(java.util.Hashtable)[pri:0, instance:com.innRoad.APITest.ApiTest1@cc285f4]" name="test1" duration-ms="44" started-at="2015-10-27T19:20:43Z" data-provider="APIDataProvider" finished-at="2015-10-27T19:20:43Z">
          <params>
            <param index="0">
              <value>
                <![CDATA[{TestID=1.0, BaseURL=http://localhost:, Runmode=Y, ResponseContentType=JSON, Method=GET, Endpoint=/landlords, Port=8080}]]>
              </value>
            </param>
          </params>
          <reporter-output>
          </reporter-output>
        </test-method> <!-- test1 -->
        <test-method status="PASS" signature="test1(java.util.Hashtable)[pri:0, instance:com.innRoad.APITest.ApiTest1@cc285f4]" name="test1" duration-ms="30" started-at="2015-10-27T19:20:43Z" data-provider="APIDataProvider" finished-at="2015-10-27T19:20:43Z">
          <params>
            <param index="0">
              <value>
                <![CDATA[{TestID=2.0, BaseURL=http://localhost:, Runmode=Y, ResponseContentType=JSON, Method=POST, Endpoint=/hasan, Port=8080}]]>
              </value>
            </param>
          </params>
          <reporter-output>
          </reporter-output>
        </test-method> <!-- test1 -->
        <test-method status="PASS" signature="test1(java.util.Hashtable)[pri:0, instance:com.innRoad.APITest.ApiTest1@cc285f4]" name="test1" duration-ms="30" started-at="2015-10-27T19:20:43Z" data-provider="APIDataProvider" finished-at="2015-10-27T19:20:43Z">
          <params>
            <param index="0">
              <value>
                <![CDATA[{TestID=3.0, BaseURL=http://localhost:, Runmode=Y, ResponseContentType=XML, Method=PUT, Endpoint=/budget, Port=8080}]]>
              </value>
            </param>
          </params>
          <reporter-output>
          </reporter-output>
        </test-method> <!-- test1 -->
        <test-method status="PASS" signature="test1(java.util.Hashtable)[pri:0, instance:com.innRoad.APITest.ApiTest1@cc285f4]" name="test1" duration-ms="34" started-at="2015-10-27T19:20:43Z" data-provider="APIDataProvider" finished-at="2015-10-27T19:20:43Z">
          <params>
            <param index="0">
              <value>
                <![CDATA[{TestID=4.0, BaseURL=http://localhost:, Runmode=Y, ResponseContentType=JSON, Method=DELETE, Endpoint=/payments, Port=8080}]]>
              </value>
            </param>
          </params>
          <reporter-output>
          </reporter-output>
        </test-method> <!-- test1 -->
      </class> <!-- com.innRoad.APITest.ApiTest1 -->
    </test> <!-- API Test -->
  </suite> <!-- API Test Suite -->
</testng-results>
