<?xml version="1.0" encoding="UTF-8"?>
<testng-results skipped="0" failed="0" total="4" passed="4">
  <reporter-output>
  </reporter-output>
  <suite name="API Data-driven Framework" duration-ms="0" started-at="2015-10-27T15:59:36Z" finished-at="2015-10-27T15:59:36Z">
    <groups>
    </groups>
  </suite> <!-- API Data-driven Framework -->
  <suite name="API Test Suite" duration-ms="456" started-at="2015-10-27T15:59:36Z" finished-at="2015-10-27T15:59:36Z">
    <groups>
    </groups>
    <test name="API Test" duration-ms="456" started-at="2015-10-27T15:59:36Z" finished-at="2015-10-27T15:59:36Z">
      <class name="com.innRoad.APITest.ApiTest1">
        <test-method status="PASS" signature="test1(java.util.Hashtable)[pri:0, instance:com.innRoad.APITest.ApiTest1@29ee9faa]" name="test1" duration-ms="39" started-at="2015-10-27T11:59:36Z" data-provider="APIDataProvider" finished-at="2015-10-27T11:59:36Z">
          <params>
            <param index="0">
              <value>
                <![CDATA[{JSONSchema=, HTTPresp=200, TestID=API-1, BaseURL=http://localhost:, Runmode=Y, Method=GET, Endpoint=/landlords, Port=8080}]]>
              </value>
            </param>
          </params>
          <reporter-output>
          </reporter-output>
        </test-method> <!-- test1 -->
        <test-method status="PASS" signature="test1(java.util.Hashtable)[pri:0, instance:com.innRoad.APITest.ApiTest1@29ee9faa]" name="test1" duration-ms="26" started-at="2015-10-27T11:59:36Z" data-provider="APIDataProvider" finished-at="2015-10-27T11:59:36Z">
          <params>
            <param index="0">
              <value>
                <![CDATA[{JSONSchema=, HTTPresp=200, TestID=API-2, BaseURL=http://localhost:, Runmode=Y, Method=GET, Endpoint=/hasan, Port=8080}]]>
              </value>
            </param>
          </params>
          <reporter-output>
          </reporter-output>
        </test-method> <!-- test1 -->
        <test-method status="PASS" signature="test1(java.util.Hashtable)[pri:0, instance:com.innRoad.APITest.ApiTest1@29ee9faa]" name="test1" duration-ms="27" started-at="2015-10-27T11:59:36Z" data-provider="APIDataProvider" finished-at="2015-10-27T11:59:36Z">
          <params>
            <param index="0">
              <value>
                <![CDATA[{JSONSchema=, HTTPresp=301, TestID=API-3, BaseURL=http://localhost:, Runmode=Y, Method=PUT, Endpoint=/budget, Port=8080}]]>
              </value>
            </param>
          </params>
          <reporter-output>
          </reporter-output>
        </test-method> <!-- test1 -->
        <test-method status="PASS" signature="test1(java.util.Hashtable)[pri:0, instance:com.innRoad.APITest.ApiTest1@29ee9faa]" name="test1" duration-ms="22" started-at="2015-10-27T11:59:36Z" data-provider="APIDataProvider" finished-at="2015-10-27T11:59:36Z">
          <params>
            <param index="0">
              <value>
                <![CDATA[{JSONSchema=, HTTPresp=301, TestID=API-4, BaseURL=http://localhost:, Runmode=Y, Method=PUT, Endpoint=/payments, Port=8080}]]>
              </value>
            </param>
          </params>
          <reporter-output>
          </reporter-output>
        </test-method> <!-- test1 -->
      </class> <!-- com.innRoad.APITest.ApiTest1 -->
    </test> <!-- API Test -->
  </suite> <!-- API Test Suite -->
</testng-results>
