<?xml version="1.0" encoding="UTF-8"?>
<!-- Generated by org.testng.reporters.JUnitXMLReporter -->
<testsuite hostname="IR-C02PW2DWG8WP" name="API Test" tests="4" failures="0" timestamp="27 Oct 2015 15:56:40 GMT" time="0.543" errors="0">
  <testcase name="test1" time="0.049" classname="com.innRoad.APITest.ApiTest1"/>
  <testcase name="test1" time="0.026" classname="com.innRoad.APITest.ApiTest1"/>
  <testcase name="test1" time="0.028" classname="com.innRoad.APITest.ApiTest1"/>
  <testcase name="test1" time="0.023" classname="com.innRoad.APITest.ApiTest1"/>
</testsuite> <!-- API Test -->
