<?xml version="1.0" encoding="UTF-8"?>
<!-- Generated by org.testng.reporters.JUnitXMLReporter -->
<testsuite hostname="IR-C02PW2DWG8WP" name="API Test" tests="4" failures="0" timestamp="27 Oct 2015 18:13:54 GMT" time="0.512" errors="0">
  <testcase name="test1" time="0.044" classname="com.innRoad.APITest.ApiTest1"/>
  <testcase name="test1" time="0.028" classname="com.innRoad.APITest.ApiTest1"/>
  <testcase name="test1" time="0.027" classname="com.innRoad.APITest.ApiTest1"/>
  <testcase name="test1" time="0.032" classname="com.innRoad.APITest.ApiTest1"/>
</testsuite> <!-- API Test -->
