<?xml version="1.0" encoding="UTF-8"?>
<!-- Generated by org.testng.reporters.JUnitXMLReporter -->
<testsuite hostname="IR-C02PW2DWG8WP" name="API GET Test" tests="4" failures="0" timestamp="23 Oct 2015 20:56:59 GMT" time="0.566" errors="0">
  <testcase name="getTest" time="0.048" classname="innRoad.QAApiTesting.SuiteA.GetTest"/>
  <testcase name="getTest" time="0.033" classname="innRoad.QAApiTesting.SuiteA.GetTest"/>
  <testcase name="getTest" time="0.036" classname="innRoad.QAApiTesting.SuiteA.GetTest"/>
  <testcase name="getTest" time="0.032" classname="innRoad.QAApiTesting.SuiteA.GetTest"/>
</testsuite> <!-- API GET Test -->
