<?xml version="1.0" encoding="UTF-8"?>
<!-- Generated by org.testng.reporters.JUnitXMLReporter -->
<testsuite hostname="IR-C02PW2DWG8WP" name="Test 1" tests="3" failures="0" timestamp="23 Oct 2015 18:42:45 GMT" time="0.54" errors="0">
  <testcase name="test1" time="0.052" classname="innRoad.QAApiTesting.SuiteA.Test1"/>
  <testcase name="test1" time="0.032" classname="innRoad.QAApiTesting.SuiteA.Test1"/>
  <testcase name="test1" time="0.035" classname="innRoad.QAApiTesting.SuiteA.Test1"/>
</testsuite> <!-- Test 1 -->
