<?xml version="1.0" encoding="UTF-8"?>
<!-- Generated by org.testng.reporters.JUnitXMLReporter -->
<testsuite hostname="IR-C02PW2DWG8WP" name="Test 2" tests="3" failures="0" timestamp="23 Oct 2015 18:42:45 GMT" time="0.1" errors="0">
  <testcase name="test2" time="0.028" classname="innRoad.QAApiTesting.SuiteA.Test2"/>
  <testcase name="test2" time="0.027" classname="innRoad.QAApiTesting.SuiteA.Test2">
    <skipped/>
  </testcase> <!-- test2 -->
  <testcase name="test2" time="0.024" classname="innRoad.QAApiTesting.SuiteA.Test2"/>
</testsuite> <!-- Test 2 -->
